<?xml version="1.0" encoding="UTF-8"?>
<testsuite name="com.uca.Tests" tests="1" skipped="0" failures="0" errors="0" timestamp="2022-12-21T17:25:16" hostname="DESKTOP-B2VN2E7" time="0.024">
  <properties/>
  <testcase name="testConverter()" classname="com.uca.Tests" time="0.024"/>
  <system-out><![CDATA[]]></system-out>
  <system-err><![CDATA[]]></system-err>
</testsuite>
